<?xml version="1.0" encoding="UTF-8"?>
<!-- Generated by org.testng.reporters.JUnitReportReporter -->
<testsuite hostname="KrunalJ-EverAG" failures="0" tests="3" name="com.test.cases.TestLoginFunctionality" time="9.284" errors="0" timestamp="2024-11-06T11:57:05 IST" skipped="0">
  <testcase classname="com.test.cases.TestLoginFunctionality" name="testLoginPageFields" time="2.648"/>
  <testcase classname="com.test.cases.TestLoginFunctionality" name="testLoginFunctionalityWithCorrectCredentials" time="3.060"/>
  <testcase classname="com.test.cases.TestLoginFunctionality" name="testLoginFunctionalityWithInCorrectCredentials" time="3.576"/>
</testsuite> <!-- com.test.cases.TestLoginFunctionality -->
