<?xml version="1.0" encoding="UTF-8"?>
<!-- Generated by org.testng.reporters.JUnitReportReporter -->
<testsuite hostname="KrunalJ-eCV" failures="0" tests="1" name="com.test.TestLoginFunctionality" time="3.711" errors="0" timestamp="2024-11-05T18:12:47 IST" skipped="0">
  <testcase classname="com.test.TestLoginFunctionality" name="testLoginFunctionalityWithInCorrectCredentials" time="3.711"/>
</testsuite> <!-- com.test.TestLoginFunctionality -->
