<?xml version="1.0" encoding="UTF-8"?>
<!-- Generated by org.testng.reporters.JUnitReportReporter -->
<testsuite hostname="KrunalJ-EverAG" failures="0" tests="1" name="com.test.cases.TestProductFunctionality" time="3.983" errors="0" timestamp="2024-11-06T12:20:32 IST" skipped="0">
  <testcase classname="com.test.cases.TestProductFunctionality" name="testEndToEndProductCheckOutProcess" time="3.983"/>
</testsuite> <!-- com.test.cases.TestProductFunctionality -->
